<?xml version="1.0" encoding="UTF-8" standalone="no"?><testsuite errors="0" failures="1" name="Login en aplicativo OrangeHRM" skipped="0" tests="1" time="39.74" timestamp="2022-06-18 11:58:43"><testcase name="Login exitoso OrangeHRM"><failure message="&#13;&#10;Expected: &lt;true&gt;&#13;&#10;     but: was &lt;false&gt;" type="java.lang.AssertionError">&#13;
Expected: &lt;true&gt;&#13;
     but: was &lt;false&gt;</failure><system-err>&#13;
Expected: &lt;true&gt;&#13;
     but: was &lt;false&gt;&#13;
com.semilleroias.stepsdefinition.CrearUsuariosStepsDefinition.validoQueElEmpleadoSeHaCreadoDeFormaCorrecta(CrearUsuariosStepsDefinition.java:20)&#13;
✽.valido que el empleado se ha creado de forma correcta(file:///C:/Users/Admin/Documents/Semillero%20automatizacion/automatizacion-screenplay/src/test/resources/features/crearUsuario.feature:11)&#13;
</system-err></testcase></testsuite>